[0.629s] Invoking command in '/home/chuyuan2/px4-offboard': PYTHONPATH=/home/chuyuan2/px4-offboard/build/px4_offboard/prefix_override:/home/chuyuan2/px4-offboard/install/px4_offboard/lib/python3.10/site-packages:${PYTHONPATH} /usr/bin/python3 -W ignore:setup.py install is deprecated setup.py egg_info --egg-base build/px4_offboard build --build-base /home/chuyuan2/px4-offboard/build/px4_offboard/build install --record /home/chuyuan2/px4-offboard/build/px4_offboard/install.log --single-version-externally-managed install_data
[0.812s] running egg_info
[0.813s] writing build/px4_offboard/px4_offboard.egg-info/PKG-INFO
[0.813s] writing dependency_links to build/px4_offboard/px4_offboard.egg-info/dependency_links.txt
[0.813s] writing entry points to build/px4_offboard/px4_offboard.egg-info/entry_points.txt
[0.813s] writing requirements to build/px4_offboard/px4_offboard.egg-info/requires.txt
[0.814s] writing top-level names to build/px4_offboard/px4_offboard.egg-info/top_level.txt
[0.816s] reading manifest file 'build/px4_offboard/px4_offboard.egg-info/SOURCES.txt'
[0.816s] adding license file 'LICENSE'
[0.817s] writing manifest file 'build/px4_offboard/px4_offboard.egg-info/SOURCES.txt'
[0.817s] running build
[0.817s] running build_py
[0.817s] copying px4_offboard/ecbf_control.py -> /home/chuyuan2/px4-offboard/build/px4_offboard/build/lib/px4_offboard
[0.817s] running install
[0.818s] running install_lib
[0.818s] copying /home/chuyuan2/px4-offboard/build/px4_offboard/build/lib/px4_offboard/ecbf_control.py -> /home/chuyuan2/px4-offboard/install/px4_offboard/lib/python3.10/site-packages/px4_offboard
[0.819s] byte-compiling /home/chuyuan2/px4-offboard/install/px4_offboard/lib/python3.10/site-packages/px4_offboard/ecbf_control.py to ecbf_control.cpython-310.pyc
[0.822s] running install_data
[0.822s] running install_egg_info
[0.825s] removing '/home/chuyuan2/px4-offboard/install/px4_offboard/lib/python3.10/site-packages/px4_offboard-0.0.0-py3.10.egg-info' (and everything under it)
[0.826s] Copying build/px4_offboard/px4_offboard.egg-info to /home/chuyuan2/px4-offboard/install/px4_offboard/lib/python3.10/site-packages/px4_offboard-0.0.0-py3.10.egg-info
[0.827s] running install_scripts
[0.847s] Installing offboard_acc_ctrl_version1 script to /home/chuyuan2/px4-offboard/install/px4_offboard/lib/px4_offboard
[0.848s] Installing offboard_control script to /home/chuyuan2/px4-offboard/install/px4_offboard/lib/px4_offboard
[0.848s] Installing visualizer script to /home/chuyuan2/px4-offboard/install/px4_offboard/lib/px4_offboard
[0.848s] writing list of installed files to '/home/chuyuan2/px4-offboard/build/px4_offboard/install.log'
[0.871s] Invoked command in '/home/chuyuan2/px4-offboard' returned '0': PYTHONPATH=/home/chuyuan2/px4-offboard/build/px4_offboard/prefix_override:/home/chuyuan2/px4-offboard/install/px4_offboard/lib/python3.10/site-packages:${PYTHONPATH} /usr/bin/python3 -W ignore:setup.py install is deprecated setup.py egg_info --egg-base build/px4_offboard build --build-base /home/chuyuan2/px4-offboard/build/px4_offboard/build install --record /home/chuyuan2/px4-offboard/build/px4_offboard/install.log --single-version-externally-managed install_data
