[0.571s] Invoking command in '/home/chuyuan2/px4-offboard/build/px4_offboard': PYTHONPATH=/home/chuyuan2/px4-offboard/build/px4_offboard/prefix_override:/home/chuyuan2/px4-offboard/install/px4_offboard/lib/python3.10/site-packages:${PYTHONPATH} /usr/bin/python3 -W ignore:setup.py install is deprecated setup.py develop --editable --build-directory /home/chuyuan2/px4-offboard/build/px4_offboard/build --no-deps symlink_data --force
[0.782s] running develop
[0.784s] /usr/lib/python3/dist-packages/setuptools/command/easy_install.py:158: EasyInstallDeprecationWarning: easy_install command is deprecated. Use build and pip and other standards-based tools.
[0.784s]   warnings.warn(
[0.892s] running egg_info
[0.893s] writing px4_offboard.egg-info/PKG-INFO
[0.893s] writing dependency_links to px4_offboard.egg-info/dependency_links.txt
[0.893s] writing entry points to px4_offboard.egg-info/entry_points.txt
[0.894s] writing requirements to px4_offboard.egg-info/requires.txt
[0.894s] writing top-level names to px4_offboard.egg-info/top_level.txt
[0.896s] reading manifest file 'px4_offboard.egg-info/SOURCES.txt'
[0.897s] writing manifest file 'px4_offboard.egg-info/SOURCES.txt'
[0.898s] running build_ext
[0.898s] Creating /home/chuyuan2/px4-offboard/install/px4_offboard/lib/python3.10/site-packages/px4-offboard.egg-link (link to .)
[0.899s] Installing offboard_control script to /home/chuyuan2/px4-offboard/install/px4_offboard/lib/px4_offboard
[0.899s] Installing visualizer script to /home/chuyuan2/px4-offboard/install/px4_offboard/lib/px4_offboard
[0.899s] 
[0.899s] Installed /home/chuyuan2/px4-offboard/build/px4_offboard
[0.899s] running symlink_data
[0.899s] symbolically linking /home/chuyuan2/px4-offboard/build/px4_offboard/resource/px4_offboard -> /home/chuyuan2/px4-offboard/install/px4_offboard/share/ament_index/resource_index/packages
[0.899s] symbolically linking /home/chuyuan2/px4-offboard/build/px4_offboard/resource/visualize.rviz -> /home/chuyuan2/px4-offboard/install/px4_offboard/share/ament_index/resource_index/packages
[0.900s] symbolically linking /home/chuyuan2/px4-offboard/build/px4_offboard/package.xml -> /home/chuyuan2/px4-offboard/install/px4_offboard/share/px4_offboard
[0.900s] symbolically linking /home/chuyuan2/px4-offboard/build/px4_offboard/launch/offboard_position_control.launch.py -> /home/chuyuan2/px4-offboard/install/px4_offboard/share/px4_offboard
[0.900s] symbolically linking /home/chuyuan2/px4-offboard/build/px4_offboard/launch/offboard_hardware_position_control.launch.py -> /home/chuyuan2/px4-offboard/install/px4_offboard/share/px4_offboard
[0.900s] symbolically linking /home/chuyuan2/px4-offboard/build/px4_offboard/launch/visualize.launch.py -> /home/chuyuan2/px4-offboard/install/px4_offboard/share/px4_offboard
[0.900s] symbolically linking /home/chuyuan2/px4-offboard/build/px4_offboard/resource/visualize.rviz -> /home/chuyuan2/px4-offboard/install/px4_offboard/share/px4_offboard
[0.936s] Invoked command in '/home/chuyuan2/px4-offboard/build/px4_offboard' returned '0': PYTHONPATH=/home/chuyuan2/px4-offboard/build/px4_offboard/prefix_override:/home/chuyuan2/px4-offboard/install/px4_offboard/lib/python3.10/site-packages:${PYTHONPATH} /usr/bin/python3 -W ignore:setup.py install is deprecated setup.py develop --editable --build-directory /home/chuyuan2/px4-offboard/build/px4_offboard/build --no-deps symlink_data --force
