/home/chuyuan2/px4-offboard/install/px4_offboard/lib/python3.10/site-packages/px4_offboard/_plot_figs.py
/home/chuyuan2/px4-offboard/install/px4_offboard/lib/python3.10/site-packages/px4_offboard/offboard_acc_ctrl_version1 copy.py
/home/chuyuan2/px4-offboard/install/px4_offboard/lib/python3.10/site-packages/px4_offboard/linear_plant.py
/home/chuyuan2/px4-offboard/install/px4_offboard/lib/python3.10/site-packages/px4_offboard/ecbf_control.py
/home/chuyuan2/px4-offboard/install/px4_offboard/lib/python3.10/site-packages/px4_offboard/offboard_acc_ctrl.py
/home/chuyuan2/px4-offboard/install/px4_offboard/lib/python3.10/site-packages/px4_offboard/offboard_control.py
/home/chuyuan2/px4-offboard/install/px4_offboard/lib/python3.10/site-packages/px4_offboard/controller.py
/home/chuyuan2/px4-offboard/install/px4_offboard/lib/python3.10/site-packages/px4_offboard/resilient_esti.py
/home/chuyuan2/px4-offboard/install/px4_offboard/lib/python3.10/site-packages/px4_offboard/__init__.py
/home/chuyuan2/px4-offboard/install/px4_offboard/lib/python3.10/site-packages/px4_offboard/visualizer.py
/home/chuyuan2/px4-offboard/install/px4_offboard/lib/python3.10/site-packages/px4_offboard/offboard_acc_ctrl_version1.py
/home/chuyuan2/px4-offboard/install/px4_offboard/lib/python3.10/site-packages/px4_offboard/__pycache__/_plot_figs.cpython-310.pyc
/home/chuyuan2/px4-offboard/install/px4_offboard/lib/python3.10/site-packages/px4_offboard/__pycache__/offboard_acc_ctrl_version1 copy.cpython-310.pyc
/home/chuyuan2/px4-offboard/install/px4_offboard/lib/python3.10/site-packages/px4_offboard/__pycache__/linear_plant.cpython-310.pyc
/home/chuyuan2/px4-offboard/install/px4_offboard/lib/python3.10/site-packages/px4_offboard/__pycache__/ecbf_control.cpython-310.pyc
/home/chuyuan2/px4-offboard/install/px4_offboard/lib/python3.10/site-packages/px4_offboard/__pycache__/offboard_acc_ctrl.cpython-310.pyc
/home/chuyuan2/px4-offboard/install/px4_offboard/lib/python3.10/site-packages/px4_offboard/__pycache__/offboard_control.cpython-310.pyc
/home/chuyuan2/px4-offboard/install/px4_offboard/lib/python3.10/site-packages/px4_offboard/__pycache__/controller.cpython-310.pyc
/home/chuyuan2/px4-offboard/install/px4_offboard/lib/python3.10/site-packages/px4_offboard/__pycache__/resilient_esti.cpython-310.pyc
/home/chuyuan2/px4-offboard/install/px4_offboard/lib/python3.10/site-packages/px4_offboard/__pycache__/__init__.cpython-310.pyc
/home/chuyuan2/px4-offboard/install/px4_offboard/lib/python3.10/site-packages/px4_offboard/__pycache__/visualizer.cpython-310.pyc
/home/chuyuan2/px4-offboard/install/px4_offboard/lib/python3.10/site-packages/px4_offboard/__pycache__/offboard_acc_ctrl_version1.cpython-310.pyc
/home/chuyuan2/px4-offboard/install/px4_offboard/share/ament_index/resource_index/packages/px4_offboard
/home/chuyuan2/px4-offboard/install/px4_offboard/share/ament_index/resource_index/packages/visualize.rviz
/home/chuyuan2/px4-offboard/install/px4_offboard/share/px4_offboard/package.xml
/home/chuyuan2/px4-offboard/install/px4_offboard/share/px4_offboard/offboard_accleration_control.launch.py
/home/chuyuan2/px4-offboard/install/px4_offboard/share/px4_offboard/offboard_position_control.launch.py
/home/chuyuan2/px4-offboard/install/px4_offboard/share/px4_offboard/offboard_hardware_position_control.launch.py
/home/chuyuan2/px4-offboard/install/px4_offboard/share/px4_offboard/visualize.launch.py
/home/chuyuan2/px4-offboard/install/px4_offboard/share/px4_offboard/visualize.rviz
/home/chuyuan2/px4-offboard/install/px4_offboard/lib/python3.10/site-packages/px4_offboard-0.0.0-py3.10.egg-info/top_level.txt
/home/chuyuan2/px4-offboard/install/px4_offboard/lib/python3.10/site-packages/px4_offboard-0.0.0-py3.10.egg-info/SOURCES.txt
/home/chuyuan2/px4-offboard/install/px4_offboard/lib/python3.10/site-packages/px4_offboard-0.0.0-py3.10.egg-info/PKG-INFO
/home/chuyuan2/px4-offboard/install/px4_offboard/lib/python3.10/site-packages/px4_offboard-0.0.0-py3.10.egg-info/entry_points.txt
/home/chuyuan2/px4-offboard/install/px4_offboard/lib/python3.10/site-packages/px4_offboard-0.0.0-py3.10.egg-info/requires.txt
/home/chuyuan2/px4-offboard/install/px4_offboard/lib/python3.10/site-packages/px4_offboard-0.0.0-py3.10.egg-info/dependency_links.txt
/home/chuyuan2/px4-offboard/install/px4_offboard/lib/python3.10/site-packages/px4_offboard-0.0.0-py3.10.egg-info/zip-safe
/home/chuyuan2/px4-offboard/install/px4_offboard/lib/px4_offboard/offboard_acc_ctrl_version1
/home/chuyuan2/px4-offboard/install/px4_offboard/lib/px4_offboard/offboard_control
/home/chuyuan2/px4-offboard/install/px4_offboard/lib/px4_offboard/visualizer
