[0.977s] Invoking command in '/home/chuyuan2/px4-offboard': PYTHONPATH=/home/chuyuan2/px4-offboard/build/px4_offboard/prefix_override:/home/chuyuan2/px4-offboard/install/px4_offboard/lib/python3.10/site-packages:${PYTHONPATH} /usr/bin/python3 -W ignore:setup.py install is deprecated setup.py egg_info --egg-base build/px4_offboard build --build-base /home/chuyuan2/px4-offboard/build/px4_offboard/build install --record /home/chuyuan2/px4-offboard/build/px4_offboard/install.log --single-version-externally-managed install_data
[1.264s] running egg_info
[1.266s] writing build/px4_offboard/px4_offboard.egg-info/PKG-INFO
[1.266s] writing dependency_links to build/px4_offboard/px4_offboard.egg-info/dependency_links.txt
[1.267s] writing entry points to build/px4_offboard/px4_offboard.egg-info/entry_points.txt
[1.267s] writing requirements to build/px4_offboard/px4_offboard.egg-info/requires.txt
[1.267s] writing top-level names to build/px4_offboard/px4_offboard.egg-info/top_level.txt
[1.271s] reading manifest file 'build/px4_offboard/px4_offboard.egg-info/SOURCES.txt'
[1.271s] adding license file 'LICENSE'
[1.272s] writing manifest file 'build/px4_offboard/px4_offboard.egg-info/SOURCES.txt'
[1.273s] running build
[1.273s] running build_py
[1.273s] copying px4_offboard/ecbf_control.py -> /home/chuyuan2/px4-offboard/build/px4_offboard/build/lib/px4_offboard
[1.274s] copying px4_offboard/offboard_acc_ctrl_version1.py -> /home/chuyuan2/px4-offboard/build/px4_offboard/build/lib/px4_offboard
[1.275s] running install
[1.276s] running install_lib
[1.278s] copying /home/chuyuan2/px4-offboard/build/px4_offboard/build/lib/px4_offboard/ecbf_control.py -> /home/chuyuan2/px4-offboard/install/px4_offboard/lib/python3.10/site-packages/px4_offboard
[1.278s] copying /home/chuyuan2/px4-offboard/build/px4_offboard/build/lib/px4_offboard/offboard_acc_ctrl_version1.py -> /home/chuyuan2/px4-offboard/install/px4_offboard/lib/python3.10/site-packages/px4_offboard
[1.279s] byte-compiling /home/chuyuan2/px4-offboard/install/px4_offboard/lib/python3.10/site-packages/px4_offboard/ecbf_control.py to ecbf_control.cpython-310.pyc
[1.282s] byte-compiling /home/chuyuan2/px4-offboard/install/px4_offboard/lib/python3.10/site-packages/px4_offboard/offboard_acc_ctrl_version1.py to offboard_acc_ctrl_version1.cpython-310.pyc
[1.284s] running install_data
[1.285s] running install_egg_info
[1.291s] removing '/home/chuyuan2/px4-offboard/install/px4_offboard/lib/python3.10/site-packages/px4_offboard-0.0.0-py3.10.egg-info' (and everything under it)
[1.292s] Copying build/px4_offboard/px4_offboard.egg-info to /home/chuyuan2/px4-offboard/install/px4_offboard/lib/python3.10/site-packages/px4_offboard-0.0.0-py3.10.egg-info
[1.296s] running install_scripts
[1.334s] Installing offboard_acc_ctrl_version1 script to /home/chuyuan2/px4-offboard/install/px4_offboard/lib/px4_offboard
[1.335s] Installing offboard_control script to /home/chuyuan2/px4-offboard/install/px4_offboard/lib/px4_offboard
[1.335s] Installing visualizer script to /home/chuyuan2/px4-offboard/install/px4_offboard/lib/px4_offboard
[1.335s] writing list of installed files to '/home/chuyuan2/px4-offboard/build/px4_offboard/install.log'
[1.410s] Invoked command in '/home/chuyuan2/px4-offboard' returned '0': PYTHONPATH=/home/chuyuan2/px4-offboard/build/px4_offboard/prefix_override:/home/chuyuan2/px4-offboard/install/px4_offboard/lib/python3.10/site-packages:${PYTHONPATH} /usr/bin/python3 -W ignore:setup.py install is deprecated setup.py egg_info --egg-base build/px4_offboard build --build-base /home/chuyuan2/px4-offboard/build/px4_offboard/build install --record /home/chuyuan2/px4-offboard/build/px4_offboard/install.log --single-version-externally-managed install_data
