[0.305s] DEBUG:colcon:Command line arguments: ['/usr/bin/colcon', 'build']
[0.305s] DEBUG:colcon:Parsed command line arguments: Namespace(log_base=None, log_level=None, verb_name='build', build_base='build', install_base='install', merge_install=False, symlink_install=False, test_result_base=None, continue_on_error=False, executor='parallel', parallel_workers=16, event_handlers=None, ignore_user_meta=False, metas=['./colcon.meta'], base_paths=['.'], packages_ignore=None, packages_ignore_regex=None, paths=None, packages_up_to=None, packages_up_to_regex=None, packages_above=None, packages_above_and_dependencies=None, packages_above_depth=None, packages_select_by_dep=None, packages_skip_by_dep=None, packages_skip_up_to=None, packages_select_build_failed=False, packages_skip_build_finished=False, packages_select_test_failures=False, packages_skip_test_passed=False, packages_select=None, packages_skip=None, packages_select_regex=None, packages_skip_regex=None, packages_start=None, packages_end=None, allow_overriding=[], cmake_args=None, cmake_target=None, cmake_target_skip_unavailable=False, cmake_clean_cache=False, cmake_clean_first=False, cmake_force_configure=False, ament_cmake_args=None, catkin_cmake_args=None, catkin_skip_building_tests=False, verb_parser=<colcon_defaults.argument_parser.defaults.DefaultArgumentsDecorator object at 0x7f63471cb5e0>, verb_extension=<colcon_core.verb.build.BuildVerb object at 0x7f63473207f0>, main=<bound method BuildVerb.main of <colcon_core.verb.build.BuildVerb object at 0x7f63473207f0>>)
[0.528s] Level 1:colcon.colcon_core.package_discovery:discover_packages(colcon_meta) check parameters
[0.528s] Level 1:colcon.colcon_core.package_discovery:discover_packages(recursive) check parameters
[0.528s] Level 1:colcon.colcon_core.package_discovery:discover_packages(ignore) check parameters
[0.528s] Level 1:colcon.colcon_core.package_discovery:discover_packages(path) check parameters
[0.528s] Level 1:colcon.colcon_core.package_discovery:discover_packages(colcon_meta) discover
[0.529s] Level 1:colcon.colcon_core.package_discovery:discover_packages(recursive) discover
[0.529s] INFO:colcon.colcon_core.package_discovery:Crawling recursively for packages in '/home/chuyuan2/px4-offboard'
[0.529s] Level 1:colcon.colcon_core.package_identification:_identify(.) by extensions ['ignore', 'ignore_ament_install']
[0.529s] Level 1:colcon.colcon_core.package_identification:_identify(.) by extension 'ignore'
[0.529s] Level 1:colcon.colcon_core.package_identification:_identify(.) by extension 'ignore_ament_install'
[0.529s] Level 1:colcon.colcon_core.package_identification:_identify(.) by extensions ['colcon_pkg']
[0.529s] Level 1:colcon.colcon_core.package_identification:_identify(.) by extension 'colcon_pkg'
[0.529s] Level 1:colcon.colcon_core.package_identification:_identify(.) by extensions ['colcon_meta']
[0.529s] Level 1:colcon.colcon_core.package_identification:_identify(.) by extension 'colcon_meta'
[0.529s] Level 1:colcon.colcon_core.package_identification:_identify(.) by extensions ['ros']
[0.529s] Level 1:colcon.colcon_core.package_identification:_identify(.) by extension 'ros'
[0.547s] DEBUG:colcon.colcon_core.package_identification:Package '.' with type 'ros.ament_python' and name 'px4_offboard'
[0.547s] Level 1:colcon.colcon_core.package_discovery:discover_packages(recursive) using defaults
[0.547s] Level 1:colcon.colcon_core.package_discovery:discover_packages(ignore) discover
[0.547s] Level 1:colcon.colcon_core.package_discovery:discover_packages(ignore) using defaults
[0.547s] Level 1:colcon.colcon_core.package_discovery:discover_packages(path) discover
[0.547s] Level 1:colcon.colcon_core.package_discovery:discover_packages(path) using defaults
[0.588s] Level 1:colcon.colcon_core.package_discovery:discover_packages(prefix_path) check parameters
[0.588s] Level 1:colcon.colcon_core.package_discovery:discover_packages(prefix_path) discover
[0.590s] DEBUG:colcon.colcon_installed_package_information.package_discovery:Found 1 installed packages in /home/chuyuan2/px4-offboard/install
[0.590s] DEBUG:colcon.colcon_installed_package_information.package_discovery:Found 2 installed packages in /home/chuyuan2/ws_sensor_combined/install
[0.591s] DEBUG:colcon.colcon_installed_package_information.package_discovery:Found 270 installed packages in /opt/ros/humble
[0.606s] Level 1:colcon.colcon_core.package_discovery:discover_packages(prefix_path) using defaults
[0.649s] Level 5:colcon.colcon_core.verb:set package 'px4_offboard' build argument 'cmake_args' from command line to 'None'
[0.650s] Level 5:colcon.colcon_core.verb:set package 'px4_offboard' build argument 'cmake_target' from command line to 'None'
[0.650s] Level 5:colcon.colcon_core.verb:set package 'px4_offboard' build argument 'cmake_target_skip_unavailable' from command line to 'False'
[0.650s] Level 5:colcon.colcon_core.verb:set package 'px4_offboard' build argument 'cmake_clean_cache' from command line to 'False'
[0.650s] Level 5:colcon.colcon_core.verb:set package 'px4_offboard' build argument 'cmake_clean_first' from command line to 'False'
[0.650s] Level 5:colcon.colcon_core.verb:set package 'px4_offboard' build argument 'cmake_force_configure' from command line to 'False'
[0.650s] Level 5:colcon.colcon_core.verb:set package 'px4_offboard' build argument 'ament_cmake_args' from command line to 'None'
[0.650s] Level 5:colcon.colcon_core.verb:set package 'px4_offboard' build argument 'catkin_cmake_args' from command line to 'None'
[0.650s] Level 5:colcon.colcon_core.verb:set package 'px4_offboard' build argument 'catkin_skip_building_tests' from command line to 'False'
[0.650s] DEBUG:colcon.colcon_core.verb:Building package 'px4_offboard' with the following arguments: {'ament_cmake_args': None, 'build_base': '/home/chuyuan2/px4-offboard/build/px4_offboard', 'catkin_cmake_args': None, 'catkin_skip_building_tests': False, 'cmake_args': None, 'cmake_clean_cache': False, 'cmake_clean_first': False, 'cmake_force_configure': False, 'cmake_target': None, 'cmake_target_skip_unavailable': False, 'install_base': '/home/chuyuan2/px4-offboard/install/px4_offboard', 'merge_install': False, 'path': '/home/chuyuan2/px4-offboard', 'symlink_install': False, 'test_result_base': None}
[0.650s] INFO:colcon.colcon_core.executor:Executing jobs using 'parallel' executor
[0.651s] DEBUG:colcon.colcon_parallel_executor.executor.parallel:run_until_complete
[0.652s] INFO:colcon.colcon_ros.task.ament_python.build:Building ROS package in '/home/chuyuan2/px4-offboard' with build type 'ament_python'
[0.652s] Level 1:colcon.colcon_core.shell:create_environment_hook('px4_offboard', 'ament_prefix_path')
[0.654s] INFO:colcon.colcon_core.plugin_system:Skipping extension 'colcon_core.shell.bat': Not used on non-Windows systems
[0.654s] INFO:colcon.colcon_core.shell:Creating environment hook '/home/chuyuan2/px4-offboard/install/px4_offboard/share/px4_offboard/hook/ament_prefix_path.ps1'
[0.655s] INFO:colcon.colcon_core.shell:Creating environment descriptor '/home/chuyuan2/px4-offboard/install/px4_offboard/share/px4_offboard/hook/ament_prefix_path.dsv'
[0.655s] INFO:colcon.colcon_core.shell:Creating environment hook '/home/chuyuan2/px4-offboard/install/px4_offboard/share/px4_offboard/hook/ament_prefix_path.sh'
[0.656s] INFO:colcon.colcon_core.shell:Skip shell extension 'powershell' for command environment: Not usable outside of PowerShell
[0.656s] DEBUG:colcon.colcon_core.shell:Skip shell extension 'dsv' for command environment
[1.109s] INFO:colcon.colcon_core.task.python.build:Building Python package in '/home/chuyuan2/px4-offboard'
[1.109s] INFO:colcon.colcon_core.shell:Skip shell extension 'powershell' for command environment: Not usable outside of PowerShell
[1.109s] DEBUG:colcon.colcon_core.shell:Skip shell extension 'dsv' for command environment
[1.606s] DEBUG:colcon.colcon_core.event_handler.log_command:Invoking command in '/home/chuyuan2/px4-offboard': PYTHONPATH=/home/chuyuan2/px4-offboard/build/px4_offboard/prefix_override:/home/chuyuan2/px4-offboard/install/px4_offboard/lib/python3.10/site-packages:${PYTHONPATH} /usr/bin/python3 -W ignore:setup.py install is deprecated setup.py egg_info --egg-base build/px4_offboard build --build-base /home/chuyuan2/px4-offboard/build/px4_offboard/build install --record /home/chuyuan2/px4-offboard/build/px4_offboard/install.log --single-version-externally-managed install_data
[1.912s] DEBUG:colcon.colcon_core.event_handler.log_command:Invoked command in '/home/chuyuan2/px4-offboard' returned '0': PYTHONPATH=/home/chuyuan2/px4-offboard/build/px4_offboard/prefix_override:/home/chuyuan2/px4-offboard/install/px4_offboard/lib/python3.10/site-packages:${PYTHONPATH} /usr/bin/python3 -W ignore:setup.py install is deprecated setup.py egg_info --egg-base build/px4_offboard build --build-base /home/chuyuan2/px4-offboard/build/px4_offboard/build install --record /home/chuyuan2/px4-offboard/build/px4_offboard/install.log --single-version-externally-managed install_data
[1.913s] Level 1:colcon.colcon_core.environment:checking '/home/chuyuan2/px4-offboard/install/px4_offboard' for CMake module files
[1.914s] Level 1:colcon.colcon_core.environment:checking '/home/chuyuan2/px4-offboard/install/px4_offboard' for CMake config files
[1.914s] Level 1:colcon.colcon_core.environment:checking '/home/chuyuan2/px4-offboard/install/px4_offboard/lib'
[1.915s] Level 1:colcon.colcon_core.environment:checking '/home/chuyuan2/px4-offboard/install/px4_offboard/bin'
[1.915s] Level 1:colcon.colcon_core.environment:checking '/home/chuyuan2/px4-offboard/install/px4_offboard/lib/pkgconfig/px4_offboard.pc'
[1.915s] Level 1:colcon.colcon_core.environment:checking '/home/chuyuan2/px4-offboard/install/px4_offboard/lib/python3.10/site-packages'
[1.915s] Level 1:colcon.colcon_core.shell:create_environment_hook('px4_offboard', 'pythonpath')
[1.915s] INFO:colcon.colcon_core.shell:Creating environment hook '/home/chuyuan2/px4-offboard/install/px4_offboard/share/px4_offboard/hook/pythonpath.ps1'
[1.916s] INFO:colcon.colcon_core.shell:Creating environment descriptor '/home/chuyuan2/px4-offboard/install/px4_offboard/share/px4_offboard/hook/pythonpath.dsv'
[1.916s] INFO:colcon.colcon_core.shell:Creating environment hook '/home/chuyuan2/px4-offboard/install/px4_offboard/share/px4_offboard/hook/pythonpath.sh'
[1.916s] Level 1:colcon.colcon_core.environment:checking '/home/chuyuan2/px4-offboard/install/px4_offboard/bin'
[1.916s] Level 1:colcon.colcon_core.environment:create_environment_scripts_only(px4_offboard)
[1.917s] INFO:colcon.colcon_core.shell:Creating package script '/home/chuyuan2/px4-offboard/install/px4_offboard/share/px4_offboard/package.ps1'
[1.917s] INFO:colcon.colcon_core.shell:Creating package descriptor '/home/chuyuan2/px4-offboard/install/px4_offboard/share/px4_offboard/package.dsv'
[1.918s] INFO:colcon.colcon_core.shell:Creating package script '/home/chuyuan2/px4-offboard/install/px4_offboard/share/px4_offboard/package.sh'
[1.918s] INFO:colcon.colcon_core.shell:Creating package script '/home/chuyuan2/px4-offboard/install/px4_offboard/share/px4_offboard/package.bash'
[1.919s] INFO:colcon.colcon_core.shell:Creating package script '/home/chuyuan2/px4-offboard/install/px4_offboard/share/px4_offboard/package.zsh'
[1.919s] Level 1:colcon.colcon_core.environment:create_file_with_runtime_dependencies(/home/chuyuan2/px4-offboard/install/px4_offboard/share/colcon-core/packages/px4_offboard)
[1.920s] DEBUG:colcon.colcon_parallel_executor.executor.parallel:closing loop
[1.921s] DEBUG:colcon.colcon_parallel_executor.executor.parallel:loop closed
[1.921s] DEBUG:colcon.colcon_parallel_executor.executor.parallel:run_until_complete finished with '0'
[1.921s] DEBUG:colcon.colcon_core.event_reactor:joining thread
[1.997s] INFO:colcon.colcon_core.plugin_system:Skipping extension 'colcon_notification.desktop_notification.notify_send': Could not find 'notify-send'
[1.997s] INFO:colcon.colcon_core.plugin_system:Skipping extension 'colcon_notification.desktop_notification.terminal_notifier': Not used on non-Darwin systems
[1.997s] INFO:colcon.colcon_core.plugin_system:Skipping extension 'colcon_notification.desktop_notification.win32': Not used on non-Windows systems
[1.997s] INFO:colcon.colcon_notification.desktop_notification:Sending desktop notification using 'notify2'
[1.998s] DEBUG:colcon.colcon_notification.desktop_notification.notify2:Failed to initialize notify2: org.freedesktop.DBus.Error.FileNotFound: Failed to connect to socket /run/user/1000/bus: No such file or directory
[1.998s] DEBUG:colcon.colcon_core.event_reactor:joined thread
[1.998s] INFO:colcon.colcon_core.shell:Creating prefix script '/home/chuyuan2/px4-offboard/install/local_setup.ps1'
[2.000s] INFO:colcon.colcon_core.shell:Creating prefix util module '/home/chuyuan2/px4-offboard/install/_local_setup_util_ps1.py'
[2.001s] INFO:colcon.colcon_core.shell:Creating prefix chain script '/home/chuyuan2/px4-offboard/install/setup.ps1'
[2.002s] INFO:colcon.colcon_core.shell:Creating prefix script '/home/chuyuan2/px4-offboard/install/local_setup.sh'
[2.002s] INFO:colcon.colcon_core.shell:Creating prefix util module '/home/chuyuan2/px4-offboard/install/_local_setup_util_sh.py'
[2.003s] INFO:colcon.colcon_core.shell:Creating prefix chain script '/home/chuyuan2/px4-offboard/install/setup.sh'
[2.004s] INFO:colcon.colcon_core.shell:Creating prefix script '/home/chuyuan2/px4-offboard/install/local_setup.bash'
[2.004s] INFO:colcon.colcon_core.shell:Creating prefix chain script '/home/chuyuan2/px4-offboard/install/setup.bash'
[2.005s] INFO:colcon.colcon_core.shell:Creating prefix script '/home/chuyuan2/px4-offboard/install/local_setup.zsh'
[2.005s] INFO:colcon.colcon_core.shell:Creating prefix chain script '/home/chuyuan2/px4-offboard/install/setup.zsh'
