running egg_info
writing build/px4_offboard/px4_offboard.egg-info/PKG-INFO
writing dependency_links to build/px4_offboard/px4_offboard.egg-info/dependency_links.txt
writing entry points to build/px4_offboard/px4_offboard.egg-info/entry_points.txt
writing requirements to build/px4_offboard/px4_offboard.egg-info/requires.txt
writing top-level names to build/px4_offboard/px4_offboard.egg-info/top_level.txt
reading manifest file 'build/px4_offboard/px4_offboard.egg-info/SOURCES.txt'
adding license file 'LICENSE'
writing manifest file 'build/px4_offboard/px4_offboard.egg-info/SOURCES.txt'
running build
running build_py
copying px4_offboard/_plot_figs.py -> /home/chuyuan2/px4-offboard/build/px4_offboard/build/lib/px4_offboard
copying px4_offboard/linear_plant.py -> /home/chuyuan2/px4-offboard/build/px4_offboard/build/lib/px4_offboard
copying px4_offboard/ecbf_control.py -> /home/chuyuan2/px4-offboard/build/px4_offboard/build/lib/px4_offboard
copying px4_offboard/offboard_acc_ctrl.py -> /home/chuyuan2/px4-offboard/build/px4_offboard/build/lib/px4_offboard
copying px4_offboard/offboard_control.py -> /home/chuyuan2/px4-offboard/build/px4_offboard/build/lib/px4_offboard
copying px4_offboard/controller.py -> /home/chuyuan2/px4-offboard/build/px4_offboard/build/lib/px4_offboard
copying px4_offboard/resilient_esti.py -> /home/chuyuan2/px4-offboard/build/px4_offboard/build/lib/px4_offboard
copying px4_offboard/offboard_acc_ctrl_version1.py -> /home/chuyuan2/px4-offboard/build/px4_offboard/build/lib/px4_offboard
running install
running install_lib
copying /home/chuyuan2/px4-offboard/build/px4_offboard/build/lib/px4_offboard/_plot_figs.py -> /home/chuyuan2/px4-offboard/install/px4_offboard/lib/python3.10/site-packages/px4_offboard
copying /home/chuyuan2/px4-offboard/build/px4_offboard/build/lib/px4_offboard/linear_plant.py -> /home/chuyuan2/px4-offboard/install/px4_offboard/lib/python3.10/site-packages/px4_offboard
copying /home/chuyuan2/px4-offboard/build/px4_offboard/build/lib/px4_offboard/ecbf_control.py -> /home/chuyuan2/px4-offboard/install/px4_offboard/lib/python3.10/site-packages/px4_offboard
copying /home/chuyuan2/px4-offboard/build/px4_offboard/build/lib/px4_offboard/offboard_acc_ctrl.py -> /home/chuyuan2/px4-offboard/install/px4_offboard/lib/python3.10/site-packages/px4_offboard
copying /home/chuyuan2/px4-offboard/build/px4_offboard/build/lib/px4_offboard/offboard_control.py -> /home/chuyuan2/px4-offboard/install/px4_offboard/lib/python3.10/site-packages/px4_offboard
copying /home/chuyuan2/px4-offboard/build/px4_offboard/build/lib/px4_offboard/controller.py -> /home/chuyuan2/px4-offboard/install/px4_offboard/lib/python3.10/site-packages/px4_offboard
copying /home/chuyuan2/px4-offboard/build/px4_offboard/build/lib/px4_offboard/resilient_esti.py -> /home/chuyuan2/px4-offboard/install/px4_offboard/lib/python3.10/site-packages/px4_offboard
copying /home/chuyuan2/px4-offboard/build/px4_offboard/build/lib/px4_offboard/offboard_acc_ctrl_version1.py -> /home/chuyuan2/px4-offboard/install/px4_offboard/lib/python3.10/site-packages/px4_offboard
byte-compiling /home/chuyuan2/px4-offboard/install/px4_offboard/lib/python3.10/site-packages/px4_offboard/_plot_figs.py to _plot_figs.cpython-310.pyc
byte-compiling /home/chuyuan2/px4-offboard/install/px4_offboard/lib/python3.10/site-packages/px4_offboard/linear_plant.py to linear_plant.cpython-310.pyc
byte-compiling /home/chuyuan2/px4-offboard/install/px4_offboard/lib/python3.10/site-packages/px4_offboard/ecbf_control.py to ecbf_control.cpython-310.pyc
byte-compiling /home/chuyuan2/px4-offboard/install/px4_offboard/lib/python3.10/site-packages/px4_offboard/offboard_acc_ctrl.py to offboard_acc_ctrl.cpython-310.pyc
byte-compiling /home/chuyuan2/px4-offboard/install/px4_offboard/lib/python3.10/site-packages/px4_offboard/offboard_control.py to offboard_control.cpython-310.pyc
byte-compiling /home/chuyuan2/px4-offboard/install/px4_offboard/lib/python3.10/site-packages/px4_offboard/controller.py to controller.cpython-310.pyc
byte-compiling /home/chuyuan2/px4-offboard/install/px4_offboard/lib/python3.10/site-packages/px4_offboard/resilient_esti.py to resilient_esti.cpython-310.pyc
byte-compiling /home/chuyuan2/px4-offboard/install/px4_offboard/lib/python3.10/site-packages/px4_offboard/offboard_acc_ctrl_version1.py to offboard_acc_ctrl_version1.cpython-310.pyc
running install_data
copying launch/offboard_accleration_control.launch.py -> /home/chuyuan2/px4-offboard/install/px4_offboard/share/px4_offboard
running install_egg_info
removing '/home/chuyuan2/px4-offboard/install/px4_offboard/lib/python3.10/site-packages/px4_offboard-0.0.0-py3.10.egg-info' (and everything under it)
Copying build/px4_offboard/px4_offboard.egg-info to /home/chuyuan2/px4-offboard/install/px4_offboard/lib/python3.10/site-packages/px4_offboard-0.0.0-py3.10.egg-info
running install_scripts
Installing offboard_control script to /home/chuyuan2/px4-offboard/install/px4_offboard/lib/px4_offboard
Installing visualizer script to /home/chuyuan2/px4-offboard/install/px4_offboard/lib/px4_offboard
writing list of installed files to '/home/chuyuan2/px4-offboard/build/px4_offboard/install.log'
