[1.059s] Invoking command in '/home/chuyuan2/px4-offboard': PYTHONPATH=/home/chuyuan2/px4-offboard/build/px4_offboard/prefix_override:/home/chuyuan2/px4-offboard/install/px4_offboard/lib/python3.10/site-packages:${PYTHONPATH} /usr/bin/python3 -W ignore:setup.py install is deprecated setup.py egg_info --egg-base build/px4_offboard build --build-base /home/chuyuan2/px4-offboard/build/px4_offboard/build install --record /home/chuyuan2/px4-offboard/build/px4_offboard/install.log --single-version-externally-managed install_data
[1.365s] running egg_info
[1.366s] writing build/px4_offboard/px4_offboard.egg-info/PKG-INFO
[1.366s] writing dependency_links to build/px4_offboard/px4_offboard.egg-info/dependency_links.txt
[1.367s] writing entry points to build/px4_offboard/px4_offboard.egg-info/entry_points.txt
[1.367s] writing requirements to build/px4_offboard/px4_offboard.egg-info/requires.txt
[1.367s] writing top-level names to build/px4_offboard/px4_offboard.egg-info/top_level.txt
[1.371s] reading manifest file 'build/px4_offboard/px4_offboard.egg-info/SOURCES.txt'
[1.371s] adding license file 'LICENSE'
[1.372s] writing manifest file 'build/px4_offboard/px4_offboard.egg-info/SOURCES.txt'
[1.373s] running build
[1.373s] running build_py
[1.374s] copying px4_offboard/offboard_acc_ctrl_version1.py -> /home/chuyuan2/px4-offboard/build/px4_offboard/build/lib/px4_offboard
[1.374s] running install
[1.374s] running install_lib
[1.377s] copying /home/chuyuan2/px4-offboard/build/px4_offboard/build/lib/px4_offboard/offboard_acc_ctrl_version1.py -> /home/chuyuan2/px4-offboard/install/px4_offboard/lib/python3.10/site-packages/px4_offboard
[1.379s] byte-compiling /home/chuyuan2/px4-offboard/install/px4_offboard/lib/python3.10/site-packages/px4_offboard/offboard_acc_ctrl_version1.py to offboard_acc_ctrl_version1.cpython-310.pyc
[1.384s] running install_data
[1.385s] running install_egg_info
[1.388s] removing '/home/chuyuan2/px4-offboard/install/px4_offboard/lib/python3.10/site-packages/px4_offboard-0.0.0-py3.10.egg-info' (and everything under it)
[1.388s] Copying build/px4_offboard/px4_offboard.egg-info to /home/chuyuan2/px4-offboard/install/px4_offboard/lib/python3.10/site-packages/px4_offboard-0.0.0-py3.10.egg-info
[1.390s] running install_scripts
[1.422s] Installing offboard_acc_ctrl_version1 script to /home/chuyuan2/px4-offboard/install/px4_offboard/lib/px4_offboard
[1.423s] Installing offboard_control script to /home/chuyuan2/px4-offboard/install/px4_offboard/lib/px4_offboard
[1.423s] Installing visualizer script to /home/chuyuan2/px4-offboard/install/px4_offboard/lib/px4_offboard
[1.423s] writing list of installed files to '/home/chuyuan2/px4-offboard/build/px4_offboard/install.log'
[1.503s] Invoked command in '/home/chuyuan2/px4-offboard' returned '0': PYTHONPATH=/home/chuyuan2/px4-offboard/build/px4_offboard/prefix_override:/home/chuyuan2/px4-offboard/install/px4_offboard/lib/python3.10/site-packages:${PYTHONPATH} /usr/bin/python3 -W ignore:setup.py install is deprecated setup.py egg_info --egg-base build/px4_offboard build --build-base /home/chuyuan2/px4-offboard/build/px4_offboard/build install --record /home/chuyuan2/px4-offboard/build/px4_offboard/install.log --single-version-externally-managed install_data
