[0.760s] Invoking command in '/home/chuyuan2/px4-offboard': PYTHONPATH=/home/chuyuan2/px4-offboard/build/px4_offboard/prefix_override:/home/chuyuan2/px4-offboard/install/px4_offboard/lib/python3.10/site-packages:${PYTHONPATH} /usr/bin/python3 -W ignore:setup.py install is deprecated setup.py egg_info --egg-base build/px4_offboard build --build-base /home/chuyuan2/px4-offboard/build/px4_offboard/build install --record /home/chuyuan2/px4-offboard/build/px4_offboard/install.log --single-version-externally-managed install_data
[1.015s] running egg_info
[1.016s] writing build/px4_offboard/px4_offboard.egg-info/PKG-INFO
[1.017s] writing dependency_links to build/px4_offboard/px4_offboard.egg-info/dependency_links.txt
[1.017s] writing entry points to build/px4_offboard/px4_offboard.egg-info/entry_points.txt
[1.018s] writing requirements to build/px4_offboard/px4_offboard.egg-info/requires.txt
[1.018s] writing top-level names to build/px4_offboard/px4_offboard.egg-info/top_level.txt
[1.021s] reading manifest file 'build/px4_offboard/px4_offboard.egg-info/SOURCES.txt'
[1.021s] adding license file 'LICENSE'
[1.022s] writing manifest file 'build/px4_offboard/px4_offboard.egg-info/SOURCES.txt'
[1.022s] running build
[1.022s] running build_py
[1.023s] copying px4_offboard/ecbf_control.py -> /home/chuyuan2/px4-offboard/build/px4_offboard/build/lib/px4_offboard
[1.023s] copying px4_offboard/offboard_acc_ctrl_version1.py -> /home/chuyuan2/px4-offboard/build/px4_offboard/build/lib/px4_offboard
[1.023s] running install
[1.024s] running install_lib
[1.025s] copying /home/chuyuan2/px4-offboard/build/px4_offboard/build/lib/px4_offboard/ecbf_control.py -> /home/chuyuan2/px4-offboard/install/px4_offboard/lib/python3.10/site-packages/px4_offboard
[1.026s] copying /home/chuyuan2/px4-offboard/build/px4_offboard/build/lib/px4_offboard/offboard_acc_ctrl_version1.py -> /home/chuyuan2/px4-offboard/install/px4_offboard/lib/python3.10/site-packages/px4_offboard
[1.026s] byte-compiling /home/chuyuan2/px4-offboard/install/px4_offboard/lib/python3.10/site-packages/px4_offboard/ecbf_control.py to ecbf_control.cpython-310.pyc
[1.029s] byte-compiling /home/chuyuan2/px4-offboard/install/px4_offboard/lib/python3.10/site-packages/px4_offboard/offboard_acc_ctrl_version1.py to offboard_acc_ctrl_version1.cpython-310.pyc
[1.030s] running install_data
[1.031s] running install_egg_info
[1.032s] removing '/home/chuyuan2/px4-offboard/install/px4_offboard/lib/python3.10/site-packages/px4_offboard-0.0.0-py3.10.egg-info' (and everything under it)
[1.033s] Copying build/px4_offboard/px4_offboard.egg-info to /home/chuyuan2/px4-offboard/install/px4_offboard/lib/python3.10/site-packages/px4_offboard-0.0.0-py3.10.egg-info
[1.035s] running install_scripts
[1.057s] Installing offboard_acc_ctrl_version1 script to /home/chuyuan2/px4-offboard/install/px4_offboard/lib/px4_offboard
[1.057s] Installing offboard_control script to /home/chuyuan2/px4-offboard/install/px4_offboard/lib/px4_offboard
[1.057s] Installing visualizer script to /home/chuyuan2/px4-offboard/install/px4_offboard/lib/px4_offboard
[1.058s] writing list of installed files to '/home/chuyuan2/px4-offboard/build/px4_offboard/install.log'
[1.089s] Invoked command in '/home/chuyuan2/px4-offboard' returned '0': PYTHONPATH=/home/chuyuan2/px4-offboard/build/px4_offboard/prefix_override:/home/chuyuan2/px4-offboard/install/px4_offboard/lib/python3.10/site-packages:${PYTHONPATH} /usr/bin/python3 -W ignore:setup.py install is deprecated setup.py egg_info --egg-base build/px4_offboard build --build-base /home/chuyuan2/px4-offboard/build/px4_offboard/build install --record /home/chuyuan2/px4-offboard/build/px4_offboard/install.log --single-version-externally-managed install_data
