[0.728s] Invoking command in '/home/chuyuan2/px4-offboard': PYTHONPATH=/home/chuyuan2/px4-offboard/build/px4_offboard/prefix_override:/home/chuyuan2/px4-offboard/install/px4_offboard/lib/python3.10/site-packages:${PYTHONPATH} /usr/bin/python3 -W ignore:setup.py install is deprecated setup.py egg_info --egg-base build/px4_offboard build --build-base /home/chuyuan2/px4-offboard/build/px4_offboard/build install --record /home/chuyuan2/px4-offboard/build/px4_offboard/install.log --single-version-externally-managed install_data
[0.936s] running egg_info
[0.937s] writing build/px4_offboard/px4_offboard.egg-info/PKG-INFO
[0.937s] writing dependency_links to build/px4_offboard/px4_offboard.egg-info/dependency_links.txt
[0.938s] writing entry points to build/px4_offboard/px4_offboard.egg-info/entry_points.txt
[0.938s] writing requirements to build/px4_offboard/px4_offboard.egg-info/requires.txt
[0.938s] writing top-level names to build/px4_offboard/px4_offboard.egg-info/top_level.txt
[0.940s] reading manifest file 'build/px4_offboard/px4_offboard.egg-info/SOURCES.txt'
[0.940s] adding license file 'LICENSE'
[0.940s] writing manifest file 'build/px4_offboard/px4_offboard.egg-info/SOURCES.txt'
[0.941s] running build
[0.941s] running build_py
[0.941s] copying px4_offboard/offboard_acc_ctrl_version1.py -> /home/chuyuan2/px4-offboard/build/px4_offboard/build/lib/px4_offboard
[0.941s] running install
[0.942s] running install_lib
[0.942s] copying /home/chuyuan2/px4-offboard/build/px4_offboard/build/lib/px4_offboard/offboard_acc_ctrl_version1.py -> /home/chuyuan2/px4-offboard/install/px4_offboard/lib/python3.10/site-packages/px4_offboard
[0.944s] byte-compiling /home/chuyuan2/px4-offboard/install/px4_offboard/lib/python3.10/site-packages/px4_offboard/offboard_acc_ctrl_version1.py to offboard_acc_ctrl_version1.cpython-310.pyc
[0.946s] running install_data
[0.946s] running install_egg_info
[0.949s] removing '/home/chuyuan2/px4-offboard/install/px4_offboard/lib/python3.10/site-packages/px4_offboard-0.0.0-py3.10.egg-info' (and everything under it)
[0.949s] Copying build/px4_offboard/px4_offboard.egg-info to /home/chuyuan2/px4-offboard/install/px4_offboard/lib/python3.10/site-packages/px4_offboard-0.0.0-py3.10.egg-info
[0.950s] running install_scripts
[0.977s] Installing offboard_acc_ctrl_version1 script to /home/chuyuan2/px4-offboard/install/px4_offboard/lib/px4_offboard
[0.977s] Installing offboard_control script to /home/chuyuan2/px4-offboard/install/px4_offboard/lib/px4_offboard
[0.978s] Installing visualizer script to /home/chuyuan2/px4-offboard/install/px4_offboard/lib/px4_offboard
[0.978s] writing list of installed files to '/home/chuyuan2/px4-offboard/build/px4_offboard/install.log'
[1.007s] Invoked command in '/home/chuyuan2/px4-offboard' returned '0': PYTHONPATH=/home/chuyuan2/px4-offboard/build/px4_offboard/prefix_override:/home/chuyuan2/px4-offboard/install/px4_offboard/lib/python3.10/site-packages:${PYTHONPATH} /usr/bin/python3 -W ignore:setup.py install is deprecated setup.py egg_info --egg-base build/px4_offboard build --build-base /home/chuyuan2/px4-offboard/build/px4_offboard/build install --record /home/chuyuan2/px4-offboard/build/px4_offboard/install.log --single-version-externally-managed install_data
